<?xml version="1.0" encoding="UTF-8"?>
<!-- Generated by org.testng.reporters.JUnitReportReporter -->
<testsuite hostname="INBook_X1" failures="0" tests="1" name="profile.TC_PF_001" time="14.562" errors="0" timestamp="2024-12-18T10:15:03 IST" skipped="0">
  <testcase classname="profile.TC_PF_001" name="verifyNavigatingToProfileSectionTest" time="14.562"/>
</testsuite> <!-- profile.TC_PF_001 -->
