<?xml version="1.0" encoding="UTF-8"?>
<!-- Generated by org.testng.reporters.JUnitReportReporter -->
<testsuite hostname="INBook_X1" failures="0" tests="6" name="tests.Profile" time="151.065" errors="0" timestamp="2024-12-18T13:34:41 IST" skipped="0">
  <testcase classname="tests.Profile" name="verifyNavigatingToProfileSectionTest" time="14.550"/>
  <testcase classname="tests.Profile" name="verifyAistericMarkDisplayTest" time="18.832"/>
  <testcase classname="tests.Profile" name="verifyErrorMessageDisplayForMendetoryFieldTest" time="17.166"/>
  <testcase classname="tests.Profile" name="verifyAfterEditingValueUpdationTest" time="20.857"/>
  <testcase classname="tests.Profile" name="verifyEmailShouldBeUpdatingAfterChangingTest" time="37.637"/>
  <testcase classname="tests.Profile" name="verifyNameShouldBeUpdatingAfterChangingTest" time="42.023"/>
</testsuite> <!-- tests.Profile -->
