<?xml version="1.0" encoding="UTF-8"?>
<!-- Generated by org.testng.reporters.JUnitReportReporter -->
<testsuite hostname="INBook_X1" failures="0" tests="1" name="profile.TC_PF_005" time="35.722" errors="0" timestamp="2024-11-28T14:17:30 IST" skipped="0">
  <testcase classname="profile.TC_PF_005" name="verifyAfterEditingValueUpdationTest" time="35.722"/>
</testsuite> <!-- profile.TC_PF_005 -->
