<?xml version="1.0" encoding="UTF-8"?>
<!-- Generated by org.testng.reporters.JUnitReportReporter -->
<testsuite hostname="INBook_X1" failures="0" tests="1" name="profile.TC_PF_002" time="17.566" errors="0" timestamp="2024-11-27T17:38:21 IST" skipped="0">
  <testcase classname="profile.TC_PF_002" name="verifyErrorMessageAndAistericMarkDisplayTest" time="17.566"/>
</testsuite> <!-- profile.TC_PF_002 -->
