<?xml version="1.0" encoding="UTF-8"?>
<!-- Generated by org.testng.reporters.JUnitReportReporter -->
<testsuite hostname="INBook_X1" failures="0" tests="2" name="tests.DeliverableProgressTest" time="46.020" errors="0" timestamp="2025-02-19T17:48:14 IST" skipped="1">
  <testcase classname="tests.DeliverableProgressTest" name="verifyAllLinkButtonsAndAdminSideDataShowingAndWorkingProperlyTest" time="46.020"/>
  <testcase classname="tests.DeliverableProgressTest" name="verifyFirstStepToEarnYourPixelWithVideoWatchTest">
    <skipped/>
  </testcase> <!-- verifyFirstStepToEarnYourPixelWithVideoWatchTest -->
</testsuite> <!-- tests.DeliverableProgressTest -->
