<?xml version="1.0" encoding="UTF-8"?>
<!-- Generated by org.testng.reporters.JUnitReportReporter -->
<testsuite hostname="INBook_X1" failures="0" tests="1" name="tests.DeliverableProgressPage" time="21.481" errors="0" timestamp="2025-02-15T22:13:04 IST" skipped="0">
  <testcase classname="tests.DeliverableProgressPage" name="verifyCompetenciesDropdownFunctionalityTest" time="21.481"/>
</testsuite> <!-- tests.DeliverableProgressPage -->
