<?xml version="1.0" encoding="UTF-8"?>
<!-- Generated by org.testng.reporters.JUnitReportReporter -->
<testsuite hostname="INBook_X1" failures="0" tests="1" name="profile.TC_PF_006" time="18.726" errors="0" timestamp="2024-11-28T16:29:48 IST" skipped="0">
  <testcase classname="profile.TC_PF_006" name="verifyAfterEditingValueUpdationTest" time="18.726"/>
</testsuite> <!-- profile.TC_PF_006 -->
