<?xml version="1.0" encoding="UTF-8"?>
<!-- Generated by org.testng.reporters.JUnitReportReporter -->
<testsuite hostname="INBook_X1" failures="0" tests="1" name="profile.TC_PF_004" time="23.647" errors="0" timestamp="2024-11-28T12:58:26 IST" skipped="0">
  <testcase classname="profile.TC_PF_004" name="verifyAfterEditingValueUpdationTest" time="23.647"/>
</testsuite> <!-- profile.TC_PF_004 -->
