<?xml version="1.0" encoding="UTF-8"?>
<!-- Generated by org.testng.reporters.JUnitReportReporter -->
<testsuite hostname="INBook_X1" failures="0" tests="1" name="tests.AI_Role_Map" time="330.781" errors="0" timestamp="2025-02-11T11:55:04 IST" skipped="0">
  <testcase classname="tests.AI_Role_Map" name="verifyCreateAIRoleMapWithValidRoleMapNameWithoutFileTest" time="330.781"/>
</testsuite> <!-- tests.AI_Role_Map -->
