<?xml version="1.0" encoding="UTF-8"?>
<!-- Generated by org.testng.reporters.JUnitReportReporter -->
<testsuite hostname="INBook_X1" failures="0" tests="1" name="change_password.TC_CP_001" time="15.620" errors="0" timestamp="2024-11-29T11:26:04 IST" skipped="0">
  <testcase classname="change_password.TC_CP_001" name="verifyErrorMessageForEachFieldTest" time="15.620"/>
</testsuite> <!-- change_password.TC_CP_001 -->
