<?xml version="1.0" encoding="UTF-8"?>
<!-- Generated by org.testng.reporters.JUnitReportReporter -->
<testsuite hostname="INBook_X1" failures="0" tests="1" name="dashboard.TC_DB_001" time="30.978" errors="0" timestamp="2024-12-19T10:19:39 IST" skipped="0">
  <testcase classname="dashboard.TC_DB_001" name="verifyAllLinksAndButtonAreClickableTest" time="30.978"/>
</testsuite> <!-- dashboard.TC_DB_001 -->
