<?xml version="1.0" encoding="UTF-8"?>
<!-- Generated by org.testng.reporters.JUnitReportReporter -->
<testsuite hostname="INBook_X1" failures="0" tests="1" name="profile.TC_PF_003" time="19.201" errors="0" timestamp="2024-11-27T18:12:19 IST" skipped="0">
  <testcase classname="profile.TC_PF_003" name="verifyErrorMessageAndAistericMarkDisplayTest" time="19.201"/>
</testsuite> <!-- profile.TC_PF_003 -->
